<?xml version="1.0" encoding="UTF-8"?>
<robot generator="Robot 5.0.1 (Python 3.9.13 on win32)" generated="20220819 14:32:21.272" rpa="false" schemaversion="3">
<suite id="s1" name="GlobalSQA" source="C:\Automation_Projects\RF_Automation\testcase\GlobalSQA.robot">
<test id="s1-t1" name="Deposit to Account" line="8">
<kw name="Launch Browser" library="common">
<arg>${browser}</arg>
<arg>${url}</arg>
<kw name="Run Keyword If" library="BuiltIn">
<arg>'${browser}'=='chrome'</arg>
<arg>Launch Chrome</arg>
<arg>${url}</arg>
<arg>ELSE IF</arg>
<arg>'${browser}'=='ie'</arg>
<arg>Launch IE</arg>
<arg>${url}</arg>
<arg>ELSE IF</arg>
<arg>'${browser}'=='edge'</arg>
<arg>Launch Edge</arg>
<arg>${url}</arg>
<doc>Runs the given keyword with the given arguments, if ``condition`` is true.</doc>
<kw name="Launch Chrome" library="common">
<arg>${url}</arg>
<kw name="Evaluate" library="BuiltIn">
<var>${chrome_options}</var>
<arg>sys.modules['selenium.webdriver'].ChromeOptions()</arg>
<arg>sys,selenium.webdriver</arg>
<doc>Evaluates the given expression in Python and returns the result.</doc>
<msg timestamp="20220819 14:32:21.767" level="INFO">${chrome_options} = &lt;selenium.webdriver.chrome.options.Options object at 0x000001F32C2F9A90&gt;</msg>
<status status="PASS" starttime="20220819 14:32:21.767" endtime="20220819 14:32:21.767"/>
</kw>
<kw name="Call Method" library="BuiltIn">
<arg>${chrome_options}</arg>
<arg>add_argument</arg>
<arg>ignore-certificate-errors</arg>
<doc>Calls the named method of the given object with the provided arguments.</doc>
<status status="PASS" starttime="20220819 14:32:21.767" endtime="20220819 14:32:21.767"/>
</kw>
<kw name="Call Method" library="BuiltIn">
<arg>${chrome_options}</arg>
<arg>add_argument</arg>
<arg>--start-maximized</arg>
<doc>Calls the named method of the given object with the provided arguments.</doc>
<status status="PASS" starttime="20220819 14:32:21.767" endtime="20220819 14:32:21.767"/>
</kw>
<kw name="Call Method" library="BuiltIn">
<var>${chrome_options}</var>
<arg>${chrome_options}</arg>
<arg>to_capabilities</arg>
<doc>Calls the named method of the given object with the provided arguments.</doc>
<msg timestamp="20220819 14:32:21.767" level="INFO">${chrome_options} = {'browserName': 'chrome', 'pageLoadStrategy': 'normal', 'goog:chromeOptions': {'extensions': [], 'args': ['ignore-certificate-errors', '--start-maximized']}}</msg>
<status status="PASS" starttime="20220819 14:32:21.767" endtime="20220819 14:32:21.767"/>
</kw>
<kw name="Open Browser" library="SeleniumLibrary">
<arg>${url}</arg>
<arg>chrome</arg>
<arg>desired_capabilities=${chrome_options}</arg>
<doc>Opens a new browser instance to the optional ``url``.</doc>
<msg timestamp="20220819 14:32:21.767" level="INFO">Opening browser 'chrome' to base url 'https://www.globalsqa.com/angularJs-protractor/BankingProject/#/login'.</msg>
<status status="PASS" starttime="20220819 14:32:21.767" endtime="20220819 14:32:24.580"/>
</kw>
<kw name="Maximize Browser Window" library="SeleniumLibrary">
<doc>Maximizes current browser window.</doc>
<status status="PASS" starttime="20220819 14:32:24.580" endtime="20220819 14:32:24.712"/>
</kw>
<status status="PASS" starttime="20220819 14:32:21.767" endtime="20220819 14:32:24.712"/>
</kw>
<status status="PASS" starttime="20220819 14:32:21.767" endtime="20220819 14:32:24.712"/>
</kw>
<status status="PASS" starttime="20220819 14:32:21.767" endtime="20220819 14:32:24.712"/>
</kw>
<kw name="Select Customer Login" library="GlobalSQA-Home">
<kw name="Press A Button/Element" library="common">
<arg>${CustomerButton}</arg>
<msg timestamp="20220819 14:32:24.716" level="FAIL">Variable '${CustomerButton}' not found.</msg>
<status status="FAIL" starttime="20220819 14:32:24.714" endtime="20220819 14:32:24.716"/>
</kw>
<kw name="Wait For Element" library="common">
<arg>${CustomerPageVerify}</arg>
<status status="NOT RUN" starttime="20220819 14:32:24.716" endtime="20220819 14:32:24.717"/>
</kw>
<status status="FAIL" starttime="20220819 14:32:24.714" endtime="20220819 14:32:24.717"/>
</kw>
<kw name="Select Customer" library="GlobalSQA-CustomerPage">
<status status="NOT RUN" starttime="20220819 14:32:24.717" endtime="20220819 14:32:24.717"/>
</kw>
<kw name="Select Account Number" library="GlobalSQA-CustomerAccountPage">
<status status="NOT RUN" starttime="20220819 14:32:24.718" endtime="20220819 14:32:24.718"/>
</kw>
<kw name="Enter Deposit Amount and Confirm" library="GlobalSQA-CustomerAccountPage">
<status status="NOT RUN" starttime="20220819 14:32:24.718" endtime="20220819 14:32:24.718"/>
</kw>
<kw name="Select Home Page Button" library="GlobalSQA-Home">
<status status="NOT RUN" starttime="20220819 14:32:24.719" endtime="20220819 14:32:24.719"/>
</kw>
<kw name="Exit Browser" library="common">
<status status="NOT RUN" starttime="20220819 14:32:24.719" endtime="20220819 14:32:24.719"/>
</kw>
<status status="FAIL" starttime="20220819 14:32:21.767" endtime="20220819 14:32:24.720">Variable '${CustomerButton}' not found.</status>
</test>
<status status="FAIL" starttime="20220819 14:32:21.272" endtime="20220819 14:32:24.722"/>
</suite>
<statistics>
<total>
<stat pass="0" fail="1" skip="0">All Tests</stat>
</total>
<tag>
</tag>
<suite>
<stat pass="0" fail="1" skip="0" id="s1" name="GlobalSQA">GlobalSQA</stat>
</suite>
</statistics>
<errors>
<msg timestamp="20220819 14:32:21.335" level="ERROR">Error in file 'C:\Automation_Projects\RF_Automation\resource\GlobalSQA-Home.robot' on line 3: Processing variable file 'C:\Automation_Projects\RF_Automation\testdata\GlobalSQA\GlobalSQA_locators.py' failed: Importing variable file 'C:\Automation_Projects\RF_Automation\testdata\GlobalSQA\GlobalSQA_locators.py' failed: ModuleNotFoundError: No module named 'testdata'
Traceback (most recent call last):
  File "C:\Automation_Projects\RF_Automation\testdata\GlobalSQA\GlobalSQA_locators.py", line 3, in &lt;module&gt;
    from testdata.GlobalSQA.GlobalSQA_testdata import *
PYTHONPATH:
  C:\Automation_Projects\RF_Automation\testdata\GlobalSQA
  C:\Tools\Python\Scripts\robot.exe
  C:\Tools\Python
  C:\Tools\Python\python39.zip
  C:\Tools\Python\DLLs
  C:\Tools\Python\lib
  C:\Tools\Python\lib\site-packages
  /testdata/GlobalSQA</msg>
</errors>
</robot>
